  main.cpp
c:\users\serge\desktop\infographietp\inf2705\tp2\tp2-miroirs\src\inf2705-forme.h(70): warning C4244: '=' : conversion de 'double' en 'GLfloat', perte possible de données
c:\users\serge\desktop\infographietp\inf2705\tp2\tp2-miroirs\src\inf2705-forme.h(71): warning C4244: '=' : conversion de 'double' en 'GLfloat', perte possible de données
c:\users\serge\desktop\infographietp\inf2705\tp2\tp2-miroirs\src\inf2705-forme.h(305): warning C4305: 'initialisation' : troncation de 'double' à 'GLfloat'
c:\users\serge\desktop\infographietp\inf2705\tp2\tp2-miroirs\src\inf2705-forme.h(360): warning C4305: 'initialisation' : troncation de 'double' à 'GLfloat'
c:\users\serge\desktop\infographietp\inf2705\tp2\tp2-miroirs\src\inf2705-forme.h(444): warning C4305: 'initialisation' : troncation de 'double' à 'float'
c:\users\serge\desktop\infographietp\inf2705\tp2\tp2-miroirs\src\inf2705-forme.h(593): warning C4244: '=' : conversion de 'double' en 'GLfloat', perte possible de données
c:\users\serge\desktop\infographietp\inf2705\tp2\tp2-miroirs\src\inf2705-forme.h(594): warning C4244: '=' : conversion de 'double' en 'GLfloat', perte possible de données
c:\users\serge\desktop\infographietp\inf2705\tp2\tp2-miroirs\src\inf2705-forme.h(595): warning C4244: '=' : conversion de 'double' en 'GLfloat', perte possible de données
c:\users\serge\desktop\infographietp\inf2705\tp2\tp2-miroirs\src\inf2705-forme.h(596): warning C4244: '=' : conversion de 'double' en 'GLfloat', perte possible de données
c:\users\serge\desktop\infographietp\inf2705\tp2\tp2-miroirs\src\inf2705-forme.h(721): warning C4244: '=' : conversion de 'double' en 'GLfloat', perte possible de données
c:\users\serge\desktop\infographietp\inf2705\tp2\tp2-miroirs\src\inf2705-forme.h(722): warning C4244: '=' : conversion de 'double' en 'GLfloat', perte possible de données
c:\users\serge\desktop\infographietp\inf2705\tp2\tp2-miroirs\src\inf2705-forme.h(723): warning C4244: '=' : conversion de 'double' en 'GLfloat', perte possible de données
c:\users\serge\desktop\infographietp\inf2705\tp2\tp2-miroirs\src\inf2705-forme.h(724): warning C4244: '=' : conversion de 'double' en 'GLfloat', perte possible de données
c:\users\serge\desktop\infographietp\inf2705\tp2\tp2-miroirs\src\inf2705-forme.h(725): warning C4244: '=' : conversion de 'double' en 'GLfloat', perte possible de données
c:\users\serge\desktop\infographietp\inf2705\tp2\tp2-miroirs\src\inf2705-forme.h(726): warning C4244: '=' : conversion de 'double' en 'GLfloat', perte possible de données
c:\users\serge\desktop\infographietp\inf2705\tp2\tp2-miroirs\src\inf2705-forme.h(831): warning C4244: 'initialisation' : conversion de 'double' en 'GLfloat', perte possible de données
c:\users\serge\desktop\infographietp\inf2705\tp2\tp2-miroirs\src\inf2705-forme.h(831): warning C4244: 'initialisation' : conversion de 'double' en 'const GLfloat', perte possible de données
c:\users\serge\desktop\infographietp\inf2705\tp2\tp2-miroirs\src\inf2705-forme.h(832): warning C4244: 'initialisation' : conversion de 'double' en 'GLfloat', perte possible de données
c:\users\serge\desktop\infographietp\inf2705\tp2\tp2-miroirs\src\inf2705-forme.h(832): warning C4244: 'initialisation' : conversion de 'double' en 'const GLfloat', perte possible de données
c:\users\serge\desktop\infographietp\inf2705\tp2\tp2-miroirs\src\inf2705-forme.h(845): warning C4244: 'initialisation' : conversion de 'double' en 'GLfloat', perte possible de données
c:\users\serge\desktop\infographietp\inf2705\tp2\tp2-miroirs\src\inf2705-forme.h(846): warning C4244: 'initialisation' : conversion de 'double' en 'GLfloat', perte possible de données
c:\users\serge\desktop\infographietp\inf2705\tp2\tp2-miroirs\src\inf2705-forme.h(854): warning C4244: 'initialisation' : conversion de 'double' en 'GLfloat', perte possible de données
c:\users\serge\desktop\infographietp\inf2705\tp2\tp2-miroirs\src\inf2705-forme.h(858): warning C4244: '=' : conversion de 'GLdouble' en 'GLfloat', perte possible de données
c:\users\serge\desktop\infographietp\inf2705\tp2\tp2-miroirs\src\inf2705-forme.h(863): warning C4244: '=' : conversion de 'GLdouble' en 'GLfloat', perte possible de données
c:\users\serge\desktop\infographietp\inf2705\tp2\tp2-miroirs\src\inf2705-forme.h(873): warning C4244: '=' : conversion de 'GLdouble' en 'GLfloat', perte possible de données
c:\users\serge\desktop\infographietp\inf2705\tp2\tp2-miroirs\src\inf2705-forme.h(877): warning C4244: 'initialisation' : conversion de 'double' en 'GLfloat', perte possible de données
c:\users\serge\desktop\infographietp\inf2705\tp2\tp2-miroirs\src\inf2705-forme.h(881): warning C4244: '=' : conversion de 'GLdouble' en 'GLfloat', perte possible de données
c:\users\serge\desktop\infographietp\inf2705\tp2\tp2-miroirs\src\inf2705-forme.h(888): warning C4244: '=' : conversion de 'GLdouble' en 'GLfloat', perte possible de données
c:\users\serge\desktop\infographietp\inf2705\tp2\tp2-miroirs\src\inf2705-forme.h(889): warning C4244: 'initialisation' : conversion de 'double' en 'GLfloat', perte possible de données
c:\users\serge\desktop\infographietp\inf2705\tp2\tp2-miroirs\src\inf2705-forme.h(893): warning C4244: 'initialisation' : conversion de 'double' en 'GLfloat', perte possible de données
c:\users\serge\desktop\infographietp\inf2705\tp2\tp2-miroirs\src\inf2705-forme.h(897): warning C4244: '=' : conversion de 'GLdouble' en 'GLfloat', perte possible de données
c:\users\serge\desktop\infographietp\inf2705\tp2\tp2-miroirs\src\inf2705-forme.h(971): warning C4244: 'initialisation' : conversion de 'double' en 'GLfloat', perte possible de données
c:\users\serge\desktop\infographietp\inf2705\tp2\tp2-miroirs\src\inf2705-forme.h(971): warning C4244: 'initialisation' : conversion de 'double' en 'const GLfloat', perte possible de données
c:\users\serge\desktop\infographietp\inf2705\tp2\tp2-miroirs\src\inf2705-forme.h(972): warning C4244: 'initialisation' : conversion de 'double' en 'GLfloat', perte possible de données
c:\users\serge\desktop\infographietp\inf2705\tp2\tp2-miroirs\src\inf2705-forme.h(972): warning C4244: 'initialisation' : conversion de 'double' en 'const GLfloat', perte possible de données
c:\users\serge\desktop\infographietp\inf2705\tp2\tp2-miroirs\src\inf2705-forme.h(988): warning C4244: 'initialisation' : conversion de 'GLdouble' en 'GLfloat', perte possible de données
c:\users\serge\desktop\infographietp\inf2705\tp2\tp2-miroirs\src\inf2705-forme.h(990): warning C4244: '=' : conversion de 'double' en 'GLfloat', perte possible de données
c:\users\serge\desktop\infographietp\inf2705\tp2\tp2-miroirs\src\inf2705-forme.h(990): warning C4244: '=' : conversion de 'GLdouble' en 'GLfloat', perte possible de données
c:\users\serge\desktop\infographietp\inf2705\tp2\tp2-miroirs\src\inf2705-forme.h(994): warning C4244: '=' : conversion de 'double' en 'GLfloat', perte possible de données
c:\users\serge\desktop\infographietp\inf2705\tp2\tp2-miroirs\src\inf2705-forme.h(994): warning C4244: '=' : conversion de 'GLdouble' en 'GLfloat', perte possible de données
c:\users\serge\desktop\infographietp\inf2705\tp2\tp2-miroirs\src\inf2705-forme.h(1075): warning C4244: 'initialisation' : conversion de 'double' en 'GLfloat', perte possible de données
c:\users\serge\desktop\infographietp\inf2705\tp2\tp2-miroirs\src\inf2705-forme.h(1075): warning C4244: 'initialisation' : conversion de 'double' en 'const GLfloat', perte possible de données
c:\users\serge\desktop\infographietp\inf2705\tp2\tp2-miroirs\src\inf2705-forme.h(1076): warning C4244: 'initialisation' : conversion de 'double' en 'GLfloat', perte possible de données
c:\users\serge\desktop\infographietp\inf2705\tp2\tp2-miroirs\src\inf2705-forme.h(1076): warning C4244: 'initialisation' : conversion de 'double' en 'const GLfloat', perte possible de données
c:\users\serge\desktop\infographietp\inf2705\tp2\tp2-miroirs\src\inf2705-forme.h(1079): warning C4244: 'initialisation' : conversion de 'GLdouble' en 'GLfloat', perte possible de données
c:\users\serge\desktop\infographietp\inf2705\tp2\tp2-miroirs\src\inf2705-forme.h(1085): warning C4244: 'initialisation' : conversion de 'double' en 'GLfloat', perte possible de données
c:\users\serge\desktop\infographietp\inf2705\tp2\tp2-miroirs\src\inf2705-forme.h(1088): warning C4244: '=' : conversion de 'const GLdouble' en 'GLfloat', perte possible de données
c:\users\serge\desktop\infographietp\inf2705\tp2\tp2-miroirs\src\inf2705-forme.h(1089): warning C4244: '=' : conversion de 'const GLdouble' en 'GLfloat', perte possible de données
c:\users\serge\desktop\infographietp\inf2705\tp2\tp2-miroirs\src\inf2705-forme.h(1089): warning C4244: '=' : conversion de 'GLdouble' en 'GLfloat', perte possible de données
c:\users\serge\desktop\infographietp\inf2705\tp2\tp2-miroirs\src\inf2705-forme.h(1092): warning C4244: '+=' : conversion de 'const GLdouble' en 'GLfloat', perte possible de données
c:\users\serge\desktop\infographietp\inf2705\tp2\tp2-miroirs\src\inf2705-forme.h(1094): warning C4244: '+=' : conversion de 'const GLdouble' en 'GLfloat', perte possible de données
c:\users\serge\desktop\infographietp\inf2705\tp2\tp2-miroirs\src\inf2705-forme.h(1105): warning C4244: 'initialisation' : conversion de 'double' en 'GLfloat', perte possible de données
c:\users\serge\desktop\infographietp\inf2705\tp2\tp2-miroirs\src\inf2705-forme.h(1108): warning C4244: '=' : conversion de 'double' en 'GLfloat', perte possible de données
c:\users\serge\desktop\infographietp\inf2705\tp2\tp2-miroirs\src\inf2705-forme.h(1108): warning C4244: '=' : conversion de 'GLdouble' en 'GLfloat', perte possible de données
c:\users\serge\desktop\infographietp\inf2705\tp2\tp2-miroirs\src\inf2705-forme.h(1111): warning C4244: '=' : conversion de 'GLdouble' en 'GLfloat', perte possible de données
c:\users\serge\desktop\infographietp\inf2705\tp2\tp2-miroirs\src\inf2705-forme.h(1114): warning C4244: 'initialisation' : conversion de 'double' en 'GLfloat', perte possible de données
c:\users\serge\desktop\infographietp\inf2705\tp2\tp2-miroirs\src\inf2705-forme.h(1117): warning C4244: '=' : conversion de 'double' en 'GLfloat', perte possible de données
c:\users\serge\desktop\infographietp\inf2705\tp2\tp2-miroirs\src\inf2705-forme.h(1117): warning C4244: '=' : conversion de 'GLdouble' en 'GLfloat', perte possible de données
c:\users\serge\desktop\infographietp\inf2705\tp2\tp2-miroirs\src\inf2705-forme.h(1188): warning C4244: 'initialisation' : conversion de 'double' en 'GLfloat', perte possible de données
c:\users\serge\desktop\infographietp\inf2705\tp2\tp2-miroirs\src\inf2705-forme.h(1188): warning C4244: 'initialisation' : conversion de 'double' en 'const GLfloat', perte possible de données
c:\users\serge\desktop\infographietp\inf2705\tp2\tp2-miroirs\src\inf2705-forme.h(1189): warning C4244: 'initialisation' : conversion de 'GLdouble' en 'GLfloat', perte possible de données
c:\users\serge\desktop\infographietp\inf2705\tp2\tp2-miroirs\src\inf2705-forme.h(1189): warning C4244: 'initialisation' : conversion de 'GLdouble' en 'const GLfloat', perte possible de données
c:\users\serge\desktop\infographietp\inf2705\tp2\tp2-miroirs\src\inf2705-forme.h(1193): warning C4244: 'initialisation' : conversion de 'GLdouble' en 'GLfloat', perte possible de données
c:\users\serge\desktop\infographietp\inf2705\tp2\tp2-miroirs\src\inf2705-forme.h(1199): warning C4244: 'initialisation' : conversion de 'double' en 'GLfloat', perte possible de données
c:\users\serge\desktop\infographietp\inf2705\tp2\tp2-miroirs\src\inf2705-forme.h(1202): warning C4244: '=' : conversion de 'double' en 'GLfloat', perte possible de données
c:\users\serge\desktop\infographietp\inf2705\tp2\tp2-miroirs\src\inf2705-forme.h(1203): warning C4244: '=' : conversion de 'double' en 'GLfloat', perte possible de données
c:\users\serge\desktop\infographietp\inf2705\tp2\tp2-miroirs\src\poisson.h(68): warning C4244: 'argument' : conversion de 'double' en 'GLfloat', perte possible de données
c:\users\serge\desktop\infographietp\inf2705\tp2\tp2-miroirs\src\poisson.h(82): warning C4244: 'argument' : conversion de 'double' en 'GLfloat', perte possible de données
c:\users\serge\desktop\infographietp\inf2705\tp2\tp2-miroirs\src\poisson.h(83): warning C4305: 'argument' : troncation de 'double' à 'GLfloat'
c:\users\serge\desktop\infographietp\inf2705\tp2\tp2-miroirs\src\poisson.h(83): warning C4244: 'argument' : conversion de 'double' en 'GLfloat', perte possible de données
c:\users\serge\desktop\infographietp\inf2705\tp2\tp2-miroirs\src\aquarium.h(26): warning C4244: 'argument' : conversion de 'time_t' en 'unsigned int', perte possible de données
c:\users\serge\desktop\infographietp\inf2705\tp2\tp2-miroirs\src\aquarium.h(32): warning C4244: 'initialisation' : conversion de 'genTypeT' en 'float', perte possible de données
          with
          [
              genTypeT=double
          ]
c:\users\serge\desktop\infographietp\inf2705\tp2\tp2-miroirs\src\aquarium.h(34): warning C4244: 'initialisation' : conversion de 'genTypeT' en 'float', perte possible de données
          with
          [
              genTypeT=int
          ]
c:\users\serge\desktop\infographietp\inf2705\tp2\tp2-miroirs\src\aquarium.h(36): warning C4244: 'initialisation' : conversion de 'genTypeT' en 'float', perte possible de données
          with
          [
              genTypeT=double
          ]
c:\users\serge\desktop\infographietp\inf2705\tp2\tp2-miroirs\src\aquarium.h(37): warning C4244: '+=' : conversion de 'double' en 'float', perte possible de données
c:\users\serge\desktop\infographietp\inf2705\tp2\tp2-miroirs\src\aquarium.h(39): warning C4244: 'initialisation' : conversion de 'genTypeT' en 'float', perte possible de données
          with
          [
              genTypeT=double
          ]
c:\users\serge\desktop\infographietp\inf2705\tp2\tp2-miroirs\src\aquarium.h(153): warning C4305: 'argument' : troncation de 'double' à 'GLfloat'
c:\users\serge\desktop\infographietp\inf2705\tp2\tp2-miroirs\src\aquarium.h(155): warning C4305: 'argument' : troncation de 'double' à 'GLfloat'
c:\users\serge\desktop\infographietp\inf2705\tp2\tp2-miroirs\src\aquarium.h(157): warning C4305: 'argument' : troncation de 'double' à 'GLfloat'
c:\users\serge\desktop\infographietp\inf2705\tp2\tp2-miroirs\src\aquarium.h(159): warning C4305: 'argument' : troncation de 'double' à 'GLfloat'
c:\users\serge\desktop\infographietp\inf2705\tp2\tp2-miroirs\src\aquarium.h(230): warning C4305: 'argument' : troncation de 'double' à 'GLfloat'
c:\users\serge\desktop\infographietp\inf2705\tp2\tp2-miroirs\src\aquarium.h(239): warning C4305: 'argument' : troncation de 'double' à 'GLfloat'
c:\users\serge\desktop\infographietp\inf2705\tp2\tp2-miroirs\src\aquarium.h(248): warning C4305: 'argument' : troncation de 'double' à 'GLfloat'
c:\users\serge\desktop\infographietp\inf2705\tp2\tp2-miroirs\src\aquarium.h(258): warning C4305: 'argument' : troncation de 'double' à 'GLfloat'
c:\users\serge\desktop\infographietp\inf2705\tp2\tp2-miroirs\src\aquarium.h(360): warning C4018: '<' : incompatibilité signed/unsigned
c:\users\serge\desktop\infographietp\inf2705\tp2\tp2-miroirs\src\aquarium.h(387): warning C4244: '=' : conversion de 'double' en 'int', perte possible de données
c:\users\serge\desktop\infographietp\inf2705\tp2\tp2-miroirs\src\aquarium.h(388): warning C4244: '=' : conversion de 'double' en 'int', perte possible de données
c:\users\serge\desktop\infographietp\inf2705\tp2\tp2-miroirs\src\aquarium.h(389): warning C4244: '+=' : conversion de 'double' en 'T', perte possible de données
          with
          [
              T=float
          ]
c:\users\serge\desktop\infographietp\inf2705\tp2\tp2-miroirs\src\aquarium.h(395): warning C4244: '+=' : conversion de 'double' en 'T', perte possible de données
          with
          [
              T=float
          ]
c:\users\serge\desktop\infographietp\inf2705\tp2\tp2-miroirs\src\aquarium.h(400): warning C4244: '+=' : conversion de 'double' en 'T', perte possible de données
          with
          [
              T=float
          ]
c:\users\serge\desktop\infographietp\inf2705\tp2\tp2-miroirs\src\main.cpp(29): warning C4244: '=' : conversion de 'double' en 'float', perte possible de données
c:\users\serge\desktop\infographietp\inf2705\tp2\tp2-miroirs\src\main.cpp(136): warning C4305: 'argument' : troncation de 'double' à 'GLclampf'
c:\users\serge\desktop\infographietp\inf2705\tp2\tp2-miroirs\src\main.cpp(208): warning C4244: 'initialisation' : conversion de 'double' en 'GLfloat', perte possible de données
c:\users\serge\desktop\infographietp\inf2705\tp2\tp2-miroirs\src\main.cpp(221): warning C4244: 'argument' : conversion de 'GLfloat' en 'GLsizei', perte possible de données
c:\users\serge\desktop\infographietp\inf2705\tp2\tp2-miroirs\src\main.cpp(222): warning C4244: 'argument' : conversion de 'GLfloat' en 'GLsizei', perte possible de données
c:\users\serge\desktop\infographietp\inf2705\tp2\tp2-miroirs\src\main.cpp(222): warning C4244: 'argument' : conversion de 'GLfloat' en 'GLint', perte possible de données
c:\users\serge\desktop\infographietp\inf2705\tp2\tp2-miroirs\src\main.cpp(223): warning C4244: 'argument' : conversion de 'GLsizei' en 'GLfloat', perte possible de données
c:\users\serge\desktop\infographietp\inf2705\tp2\tp2-miroirs\src\main.cpp(275): warning C4305: '-=' : troncation de 'double' à 'T'
          with
          [
              T=float
          ]
c:\users\serge\desktop\infographietp\inf2705\tp2\tp2-miroirs\src\main.cpp(280): warning C4305: '+=' : troncation de 'double' à 'T'
          with
          [
              T=float
          ]
c:\users\serge\desktop\infographietp\inf2705\tp2\tp2-miroirs\src\main.cpp(285): warning C4305: '+=' : troncation de 'double' à 'T'
          with
          [
              T=float
          ]
c:\users\serge\desktop\infographietp\inf2705\tp2\tp2-miroirs\src\main.cpp(289): warning C4305: '-=' : troncation de 'double' à 'T'
          with
          [
              T=float
          ]
c:\users\serge\desktop\infographietp\inf2705\tp2\tp2-miroirs\src\main.cpp(293): warning C4305: '+=' : troncation de 'double' à 'T'
          with
          [
              T=float
          ]
c:\users\serge\desktop\infographietp\inf2705\tp2\tp2-miroirs\src\main.cpp(297): warning C4305: '-=' : troncation de 'double' à 'T'
          with
          [
              T=float
          ]
  tp2_miroirs.vcxproj -> C:\Users\serge\Desktop\INFOGRAPHIETP\INF2705\TP2\tp2-miroirs\Debug\tp2_miroirs.exe
